session start at 20231115 21:01:39
session start at 20231115 21:05:59
session start at 20231115 21:05:59
20231115 21:05:59 load test.md
session start at 20231115 21:06:25
session start at 20231115 21:06:25
20231115 21:06:25 load test.md
20231115 21:06:25 load test.md
session start at 20231115 21:08:34
session start at 20231115 21:15:26
session start at 20231115 21:15:30
20231115 21:15:30 load test.md
session start at 20231115 21:15:35
20231115 21:15:35 load test2.md
session start at 20231115 21:18:54
session start at 20231115 21:18:54
20231115 21:18:54 load test.md
session start at 20231115 21:19:02
session start at 20231115 21:19:02
20231115 21:19:02 load test.md
session start at 20231115 21:19:02
20231115 21:19:02 load test2.md
session start at 20231115 21:19:42
session start at 20231115 21:19:42
20231115 21:19:42 load test.md
session start at 20231115 21:19:42
20231115 21:19:42 load test2.md
session start at 20231115 21:19:54
session start at 20231115 21:19:54
20231115 21:19:54 load test.md
session start at 20231115 21:19:54
20231115 21:19:54 load test2.md
session start at 20231115 21:23:42
session start at 20231115 21:24:25
session start at 20231115 21:24:25
20231115 21:24:25 load test.md
session start at 20231115 21:24:25
20231115 21:24:25 load test2.md
20231115 21:24:25 list-workspace
session start at 20231115 21:24:34
session start at 20231115 21:24:34
20231115 21:24:34 load test.md
session start at 20231115 21:24:34
20231115 21:24:34 load test2.md
20231115 21:24:34 list-workspace
session start at 20231115 21:26:07
session start at 20231115 21:26:07
20231115 21:26:07 load test.md
session start at 20231115 21:26:07
20231115 21:26:07 load test2.md
20231115 21:26:07 list-workspace
session start at 20231115 21:26:21
session start at 20231115 21:26:21
20231115 21:26:21 load test.md
session start at 20231115 21:26:21
20231115 21:26:21 load test2.md
20231115 21:26:21 list-workspace
session start at 20231115 21:27:46
session start at 20231115 21:27:47
20231115 21:27:47 load test.md
session start at 20231115 21:27:47
20231115 21:27:47 load test2.md
20231115 21:27:47 list-workspace
session start at 20231115 21:28:06
session start at 20231115 21:28:06
session start at 20231115 21:28:06
20231115 21:28:06 load test.md
20231115 21:28:06 load test.md
session start at 20231115 21:28:06
session start at 20231115 21:28:06
20231115 21:28:06 load test.md
session start at 20231115 21:28:06
20231115 21:28:06 load test2.md
20231115 21:28:06 list-workspace
session start at 20231115 21:28:23
session start at 20231115 21:28:33
20231115 21:28:34 load test1.md
20231115 21:28:47 append-head # 新的标题
20231115 21:28:49 save
session start at 20231115 21:28:53
20231115 21:28:53 load test2.md
20231115 21:29:01 append-head # xindebiaoti
20231115 21:29:07 list-workspace
session start at 20231115 21:35:29
session start at 20231115 21:35:29
20231115 21:35:29 load test.md
session start at 20231115 21:35:52
session start at 20231115 21:35:53
20231115 21:35:53 load test.md
session start at 20231115 21:35:53
20231115 21:35:53 load test2.md
session start at 20231115 21:37:07
session start at 20231115 21:37:07
20231115 21:37:07 load test.md
session start at 20231115 21:37:07
20231115 21:37:07 load test2.md
session start at 20231115 21:37:54
session start at 20231115 21:37:54
20231115 21:37:54 load test.md
session start at 20231115 21:37:54
20231115 21:37:54 load test2.md
20231115 21:37:54 open test
session start at 20231115 21:38:18
session start at 20231115 21:38:28
20231115 21:38:28 load test.md
session start at 20231115 21:38:31
20231115 21:38:31 load test2.md
20231115 21:38:34 list-workspace
20231115 21:38:39 open test
20231115 21:38:41 list-workspace
20231115 21:38:49 append-head # hello
20231115 21:38:53 list-workspace
20231115 21:38:57 open test2
20231115 21:39:00 list-workspace
session start at 20231115 21:46:47
session start at 20231115 21:48:48
session start at 20231115 21:48:52
session start at 20231115 21:48:52
20231115 21:48:52 load test.md
session start at 20231115 21:48:52
20231115 21:48:52 load test2.md
20231115 21:48:52 list-workspace
session start at 20231115 21:49:00
session start at 20231115 21:49:00
20231115 21:49:00 load test.md
session start at 20231115 21:49:00
20231115 21:49:00 load test2.md
20231115 21:49:00 close
20231115 21:49:00 list-workspace
session start at 20231115 21:50:05
session start at 20231115 21:50:05
20231115 21:50:05 load test.md
session start at 20231115 21:50:05
20231115 21:50:05 load test2.md
20231115 21:50:05 close
20231115 21:50:05 list-workspace
session start at 20231115 21:51:25
session start at 20231115 21:51:25
20231115 21:51:25 load test.md
session start at 20231115 21:51:25
20231115 21:51:25 load test2.md
20231115 21:51:25 close
20231115 21:51:25 list-workspace
20231115 21:51:25 open test
20231115 21:51:25 append-head # test
session start at 20231115 21:51:41
session start at 20231115 21:51:41
20231115 21:51:41 load test.md
session start at 20231115 21:51:41
20231115 21:51:41 load test2.md
20231115 21:51:41 close
20231115 21:51:41 list-workspace
20231115 21:51:41 open test
20231115 21:51:41 append-head # test
session start at 20231115 21:51:45
session start at 20231115 21:51:45
20231115 21:51:45 load test.md
session start at 20231115 21:51:45
20231115 21:51:45 load test2.md
20231115 21:51:45 close
20231115 21:51:45 list-workspace
20231115 21:51:45 open test
20231115 21:51:45 append-head # test
session start at 20231116 13:13:25
session start at 20231116 13:13:25
20231116 13:13:25 load test.md
session start at 20231116 13:13:25
20231116 13:13:25 load test2.md
20231116 13:13:25 close
20231116 13:13:25 list-workspace
20231116 13:13:25 open test
20231116 13:13:25 append-head # test
session start at 20231116 13:13:28
session start at 20231116 13:13:28
20231116 13:13:28 load test.md
session start at 20231116 13:13:28
20231116 13:13:28 load test2.md
20231116 13:13:28 close
20231116 13:13:28 list-workspace
20231116 13:13:28 open test
20231116 13:13:28 append-head # test
session start at 20231116 13:13:37
session start at 20231116 13:13:37
20231116 13:13:37 load test.md
session start at 20231116 13:13:37
20231116 13:13:37 load test2.md
20231116 13:13:37 close
20231116 13:13:37 list-workspace
20231116 13:13:37 open test
20231116 13:13:37 append-head # test
session start at 20231116 13:14:53
session start at 20231116 13:14:53
20231116 13:14:53 load test.md
session start at 20231116 13:14:53
20231116 13:14:53 load test2.md
20231116 13:14:53 close
20231116 13:14:53 list-workspace
20231116 13:14:53 open test
20231116 13:14:53 append-head # test
20231116 13:14:53 close
session start at 20231116 13:15:19
session start at 20231116 13:15:19
20231116 13:15:19 load test.md
session start at 20231116 13:15:19
20231116 13:15:19 load test2.md
20231116 13:15:19 close
20231116 13:15:19 list-workspace
20231116 13:15:19 open test
20231116 13:15:19 append-head # test
20231116 13:15:19 close
session start at 20231116 13:25:50
session start at 20231116 13:25:54
20231116 13:25:54 load test.md
20231116 13:25:58 list-workspace
20231116 13:25:59 exit
20231116 13:26:04 list-workspace
session start at 20231116 13:26:09
20231116 13:26:09 load test.md
session start at 20231116 13:26:12
20231116 13:26:12 load test2.md
20231116 13:26:14 exit
20231116 13:26:17 list-workspace
session start at 20231116 20:50:50
session start at 20231116 20:50:57
20231116 20:50:57 load test.md
20231116 20:51:02 list
20231116 20:51:05 exit
session start at 20231116 20:56:57
session start at 20231116 20:57:00
20231116 20:57:00 load test.md
session start at 20231117 11:01:26
session start at 20231117 11:02:09
session start at 20231117 11:03:20
session start at 20231117 11:09:08
session start at 20231117 11:12:43
session start at 20231117 22:05:09
session start at 20231117 22:05:55
session start at 20231117 22:08:39
session start at 20231117 22:09:32
session start at 20231117 22:10:14
session start at 20231117 22:10:34
session start at 20231117 22:11:15
session start at 20231117 22:11:15
20231117 22:11:15 load test5.md
20231117 22:11:15 append-head # 旅⾏清单
20231117 22:11:15 append-tail ## 欧洲
20231117 22:11:15 insert 2 ## 亚洲
20231117 22:11:15 insert 3 1. 中国
20231117 22:11:15 insert 4 2. ⽇本
20231117 22:11:15 save
20231117 22:11:15 list-tree
20231117 22:11:15 delete 亚洲
20231117 22:11:15 list-tree
20231117 22:11:15 undo
20231117 22:11:15 list-tree
20231117 22:11:15 redo
20231117 22:11:15 list-tree
20231117 22:11:15 list-tree
20231117 22:11:15 save
session start at 20231117 22:11:39
session start at 20231117 22:11:39
20231117 22:11:39 load test5.md
20231117 22:11:39 append-head # 旅⾏清单
20231117 22:11:39 append-tail ## 欧洲
20231117 22:11:39 insert 2 ## 亚洲
20231117 22:11:39 insert 3 1. 中国
20231117 22:11:39 insert 4 2. ⽇本
20231117 22:11:39 save
20231117 22:11:39 list-tree
session start at 20231117 22:12:09
session start at 20231117 22:12:09
20231117 22:12:09 load test1.md
20231117 22:12:09 insert ## 程序设计
20231117 22:12:09 append-head # 我的资源
20231117 22:12:09 append-tail ### 软件设计
20231117 22:12:09 append-tail #### 设计模式
20231117 22:12:09 append-tail 1. 观察者模式
20231117 22:12:09 append-tail 3. 单例模式
20231117 22:12:09 insert 6 2. 策略模式
20231117 22:12:09 delete 单例模式
20231117 22:12:09 append-tail 3. 组合模式
20231117 22:12:09 list-tree
20231117 22:12:09 append-tail ## ⼯具箱
20231117 22:12:09 append-tail ### Adobe
20231117 22:12:09 list-tree
20231117 22:12:09 save
session start at 20231117 22:15:02
session start at 20231117 22:15:02
20231117 22:15:02 load test1.md
20231117 22:15:02 insert ## 程序设计
20231117 22:15:02 append-head # 我的资源
20231117 22:15:02 append-tail ### 软件设计
20231117 22:15:02 append-tail #### 设计模式
20231117 22:15:02 append-tail 1. 观察者模式
20231117 22:15:02 append-tail 3. 单例模式
20231117 22:15:02 insert 6 2. 策略模式
20231117 22:15:02 delete 单例模式
20231117 22:15:02 append-tail 3. 组合模式
20231117 22:15:02 list-tree
session start at 20231117 22:16:10
session start at 20231117 22:16:10
20231117 22:16:10 load test1.md
20231117 22:16:10 insert ## 程序设计
20231117 22:16:10 append-head # 我的资源
20231117 22:16:10 append-tail ### 软件设计
20231117 22:16:10 append-tail #### 设计模式
20231117 22:16:10 append-tail 1. 观察者模式
20231117 22:16:10 append-tail 3. 单例模式
20231117 22:16:10 insert 6 2. 策略模式
20231117 22:16:10 delete 单例模式
20231117 22:16:10 append-tail 3. 组合模式
20231117 22:16:10 list-tree
20231117 22:16:10 append-tail ## ⼯具箱
20231117 22:16:10 append-tail ### Adobe
20231117 22:16:10 list-tree
20231117 22:16:10 save
session start at 20231117 22:16:10
20231117 22:16:10 load test2.md
20231117 22:16:10 append-head # 旅⾏清单
20231117 22:16:10 append-tail ## 亚洲
20231117 22:16:10 append-tail 1. 中国
20231117 22:16:10 append-tail 2. ⽇本
20231117 22:16:10 delete 亚洲
20231117 22:16:10 undo
20231117 22:16:10 redo
20231117 22:16:10 list-tree
20231117 22:16:10 save
session start at 20231117 22:16:10
20231117 22:16:10 load test3.md
20231117 22:16:10 append-head # 书籍推荐
20231117 22:16:10 append-tail * 《深入理解计算机系统》
20231117 22:16:10 undo
20231117 22:16:10 append-tail ## 编程
20231117 22:16:10 append-tail * 《设计模式的艺术》
20231117 22:16:10 list-tree
20231117 22:16:10 append-tail * 《云原⽣：运⽤容器、函数计算和数据构建下⼀代应⽤》
20231117 22:16:10 append-tail * 《深入理解Java虚拟机》
20231117 22:16:10 undo
20231117 22:16:10 redo
20231117 22:16:10 list-tree
20231117 22:16:10 save
session start at 20231117 22:16:10
20231117 22:16:10 load test5.md
20231117 22:16:10 append-head # 旅⾏清单
20231117 22:16:10 append-tail ## 欧洲
20231117 22:16:10 insert 2 ## 亚洲
20231117 22:16:10 insert 3 1. 中国
20231117 22:16:10 insert 4 2. ⽇本
20231117 22:16:10 save
20231117 22:16:10 list-tree
20231117 22:16:10 delete 亚洲
20231117 22:16:10 list-tree
20231117 22:16:10 undo
20231117 22:16:10 list-tree
20231117 22:16:10 redo
20231117 22:16:10 list-tree
20231117 22:16:10 list-tree
20231117 22:16:10 save
session start at 20231117 22:16:20
session start at 20231117 22:16:20
20231117 22:16:20 load test1.md
20231117 22:16:20 insert ## 程序设计
20231117 22:16:20 append-head # 我的资源
20231117 22:16:20 append-tail ### 软件设计
20231117 22:16:20 append-tail #### 设计模式
20231117 22:16:20 append-tail 1. 观察者模式
20231117 22:16:20 append-tail 3. 单例模式
20231117 22:16:20 insert 6 2. 策略模式
20231117 22:16:20 delete 单例模式
20231117 22:16:20 append-tail 3. 组合模式
20231117 22:16:20 list-tree
20231117 22:16:20 append-tail ## ⼯具箱
20231117 22:16:20 append-tail ### Adobe
20231117 22:16:20 list-tree
20231117 22:16:20 save
session start at 20231117 22:16:20
20231117 22:16:20 load test2.md
20231117 22:16:20 append-head # 旅⾏清单
20231117 22:16:20 append-tail ## 亚洲
20231117 22:16:20 append-tail 1. 中国
20231117 22:16:20 append-tail 2. ⽇本
20231117 22:16:20 delete 亚洲
20231117 22:16:20 undo
20231117 22:16:20 redo
20231117 22:16:20 list-tree
20231117 22:16:20 save
session start at 20231117 22:16:20
20231117 22:16:20 load test3.md
20231117 22:16:20 append-head # 书籍推荐
20231117 22:16:20 append-tail * 《深入理解计算机系统》
20231117 22:16:20 undo
20231117 22:16:20 append-tail ## 编程
20231117 22:16:20 append-tail * 《设计模式的艺术》
20231117 22:16:20 list-tree
20231117 22:16:20 append-tail * 《云原⽣：运⽤容器、函数计算和数据构建下⼀代应⽤》
20231117 22:16:20 append-tail * 《深入理解Java虚拟机》
20231117 22:16:20 undo
20231117 22:16:20 redo
20231117 22:16:20 list-tree
20231117 22:16:20 save
session start at 20231117 22:16:20
20231117 22:16:20 load test5.md
20231117 22:16:20 append-head # 旅⾏清单
20231117 22:16:20 append-tail ## 欧洲
20231117 22:16:20 insert 2 ## 亚洲
20231117 22:16:20 insert 3 1. 中国
20231117 22:16:20 insert 4 2. ⽇本
20231117 22:16:20 save
20231117 22:16:20 list-tree
20231117 22:16:20 delete 亚洲
20231117 22:16:20 list-tree
20231117 22:16:20 undo
20231117 22:16:20 list-tree
20231117 22:16:20 redo
20231117 22:16:20 list-tree
20231117 22:16:20 list-tree
20231117 22:16:20 save
session start at 20231117 22:16:32
session start at 20231117 22:16:32
session start at 20231117 22:16:32
session start at 20231117 22:16:32
session start at 20231117 22:16:32
session start at 20231117 22:16:32
session start at 20231117 22:16:32
session start at 20231117 22:16:32
session start at 20231117 22:16:32
session start at 20231117 22:17:03
session start at 20231117 22:17:03
session start at 20231117 22:17:03
20231117 22:17:03 load test.md
20231117 22:17:03 load test.md
session start at 20231117 22:17:03
session start at 20231117 22:17:03
20231117 22:17:03 load test.md
session start at 20231117 22:17:03
20231117 22:17:03 load test2.md
20231117 22:17:03 open test
session start at 20231117 22:17:03
session start at 20231117 22:17:03
20231117 22:17:03 load test.md
session start at 20231117 22:17:03
20231117 22:17:03 load test2.md
session start at 20231117 22:17:03
session start at 20231117 22:17:03
20231117 22:17:03 load test.md
session start at 20231117 22:17:03
20231117 22:17:03 load test2.md
20231117 22:17:03 list-workspace
session start at 20231117 22:33:16
session start at 20231117 22:33:16
session start at 20231117 22:33:16
20231117 22:33:16 load test.md
20231117 22:33:16 load test.md
session start at 20231117 22:33:16
session start at 20231117 22:33:16
20231117 22:33:16 load test.md
session start at 20231117 22:33:16
20231117 22:33:16 load test2.md
20231117 22:33:16 open test
session start at 20231117 22:33:16
session start at 20231117 22:33:16
20231117 22:33:16 load test.md
session start at 20231117 22:33:16
20231117 22:33:16 load test2.md
session start at 20231117 22:33:16
session start at 20231117 22:33:16
20231117 22:33:16 load test.md
session start at 20231117 22:33:16
20231117 22:33:16 load test2.md
20231117 22:33:16 list-workspace
session start at 20231117 22:34:50
session start at 20231117 22:34:50
session start at 20231117 22:34:50
20231117 22:34:50 load test.md
20231117 22:34:50 load test.md
session start at 20231117 22:34:50
session start at 20231117 22:34:50
20231117 22:34:50 load test.md
session start at 20231117 22:34:50
20231117 22:34:50 load test2.md
20231117 22:34:50 open test
session start at 20231117 22:34:50
session start at 20231117 22:34:50
20231117 22:34:50 load test.md
session start at 20231117 22:34:50
20231117 22:34:50 load test2.md
session start at 20231117 22:34:50
session start at 20231117 22:34:50
20231117 22:34:50 load test.md
session start at 20231117 22:34:50
20231117 22:34:50 load test2.md
20231117 22:34:50 list-workspace
session start at 20231117 22:34:58
session start at 20231117 22:34:58
session start at 20231117 22:34:58
20231117 22:34:58 load test.md
20231117 22:34:58 load test.md
session start at 20231117 22:34:58
session start at 20231117 22:34:58
20231117 22:34:58 load test.md
session start at 20231117 22:34:58
20231117 22:34:58 load test2.md
20231117 22:34:58 open test
session start at 20231117 22:34:58
session start at 20231117 22:34:58
20231117 22:34:58 load test.md
session start at 20231117 22:34:58
20231117 22:34:58 load test2.md
20231117 22:34:58 close
20231117 22:34:58 list-workspace
20231117 22:34:58 open test
20231117 22:34:58 append-head # test
20231117 22:34:58 close
session start at 20231117 22:34:58
session start at 20231117 22:34:58
20231117 22:34:58 load test.md
session start at 20231117 22:34:58
20231117 22:34:58 load test2.md
20231117 22:34:58 list-workspace
session start at 20231118 11:11:58
session start at 20231118 11:13:27
session start at 20231118 11:14:17
session start at 20231118 11:15:33
session start at 20231118 11:15:44
session start at 20231118 11:15:44
20231118 11:15:44 load test1.md
20231118 11:15:44 insert ## 程序设计
20231118 11:15:44 append-head # 我的资源
20231118 11:15:44 append-tail ### 软件设计
20231118 11:15:44 append-tail #### 设计模式
20231118 11:15:44 append-tail 1. 观察者模式
20231118 11:15:44 append-tail 3. 单例模式
20231118 11:15:44 insert 6 2. 策略模式
20231118 11:15:44 delete 单例模式
20231118 11:15:44 append-tail 3. 组合模式
20231118 11:15:44 list-tree
20231118 11:15:44 append-tail ## ⼯具箱
20231118 11:15:44 append-tail ### Adobe
20231118 11:15:44 list-tree
20231118 11:15:44 save
session start at 20231118 11:15:44
20231118 11:15:44 load test2.md
20231118 11:15:44 append-head # 旅⾏清单
20231118 11:15:44 append-tail ## 亚洲
20231118 11:15:44 append-tail 1. 中国
20231118 11:15:44 append-tail 2. ⽇本
20231118 11:15:44 delete 亚洲
20231118 11:15:44 undo
20231118 11:15:44 redo
20231118 11:15:44 list-tree
20231118 11:15:44 save
session start at 20231118 11:15:44
20231118 11:15:44 load test3.md
20231118 11:15:44 append-head # 书籍推荐
20231118 11:15:44 append-tail * 《深入理解计算机系统》
20231118 11:15:44 undo
20231118 11:15:44 append-tail ## 编程
20231118 11:15:44 append-tail * 《设计模式的艺术》
20231118 11:15:44 list-tree
20231118 11:15:44 append-tail * 《云原⽣：运⽤容器、函数计算和数据构建下⼀代应⽤》
20231118 11:15:44 append-tail * 《深入理解Java虚拟机》
20231118 11:15:44 undo
20231118 11:15:44 redo
20231118 11:15:44 list-tree
20231118 11:15:44 save
session start at 20231118 11:15:44
20231118 11:15:44 load test5.md
20231118 11:15:44 append-head # 旅⾏清单
20231118 11:15:44 append-tail ## 欧洲
20231118 11:15:44 insert 2 ## 亚洲
20231118 11:15:44 insert 3 1. 中国
20231118 11:15:44 insert 4 2. ⽇本
20231118 11:15:44 save
20231118 11:15:44 list-tree
20231118 11:15:44 delete 亚洲
20231118 11:15:44 list-tree
20231118 11:15:44 undo
20231118 11:15:44 list-tree
20231118 11:15:44 redo
20231118 11:15:44 list-tree
20231118 11:15:44 list-tree
20231118 11:15:44 save
session start at 20231118 11:16:02
session start at 20231118 13:02:15
session start at 20231118 13:05:01
session start at 20231118 13:05:31
session start at 20231118 13:24:44
20231118 13:24:53 load test2.md
20231118 13:24:55 list
20231118 13:25:04 load mytest.md
20231118 13:25:08 list-workspace
20231118 13:25:14 insert # new
20231118 13:25:16 list
20231118 13:25:19 list-workspace
20231118 13:25:27 exit
session start at 20231118 13:26:41
20231118 13:26:46 list-workspace
20231118 13:26:56 load test2.md
20231118 13:27:01 load mytest.md
20231118 13:27:05 insert # h
20231118 13:27:09 list-workspace
20231118 13:27:13 exit
session start at 20231118 13:28:09
20231118 13:28:12 exit
session start at 20231118 13:28:14
20231118 13:28:21 load test2.md
20231118 13:28:29 load mytest.md
20231118 13:28:31 insert # hi
20231118 13:28:34 exit
session start at 20231118 13:31:00
20231118 13:31:06 load mytest.md
20231118 13:31:10 insert # hi
20231118 13:31:14 exit
session start at 20231118 13:32:10
20231118 13:32:17 load mytest.md
20231118 13:32:27 append-head 1. 2
20231118 13:32:31 exit
session start at 20231118 13:33:08
20231118 13:33:18 load mytest.md
20231118 13:33:22 insert # hi
20231118 13:33:24 exit
session start at 20231118 13:33:39
20231118 13:33:43 list-workspace
session start at 20231118 13:42:55
20231118 13:42:58 list-workspace
20231118 13:43:10 save
20231118 13:43:15 list-workspace
session start at 20231118 13:47:32
20231118 13:47:39 list-workspace
session start at 20231118 13:49:56
20231118 13:50:00 list-workspace
20231118 13:50:09 close
20231118 13:50:13 list-workspace
20231118 13:50:21 load test2.md
20231118 13:50:26 load mytest.md
20231118 13:50:30 insert # plz
20231118 13:50:34 list-workspace
20231118 13:50:36 exit
session start at 20231118 13:50:41
20231118 13:50:45 list-workspace
20231118 13:51:02 list
session start at 20231118 14:11:31
session start at 20231118 14:23:31
20231118 14:23:31 load WorkSpacesMementoTest.md
20231118 14:23:31 load WorkSpacesMementoTest2.md
20231118 14:23:31 insert # new header
20231118 14:23:31 append-tail ## last line
session start at 20231118 14:24:58
20231118 14:24:58 load WorkSpacesMementoTest.md
20231118 14:24:58 load WorkSpacesMementoTest2.md
20231118 14:24:58 insert # new header
20231118 14:24:58 append-tail ## last line
session start at 20231118 14:25:18
20231118 14:25:18 load WorkSpacesMementoTest.md
20231118 14:25:18 load WorkSpacesMementoTest2.md
20231118 14:25:18 insert # new header
20231118 14:25:18 append-tail ## last line
session start at 20231118 14:25:34
20231118 14:25:35 load WorkSpacesMementoTest.md
20231118 14:25:35 load WorkSpacesMementoTest2.md
20231118 14:25:35 insert # new header
20231118 14:25:35 append-tail ## last line
session start at 20231118 14:28:18
20231118 14:28:18 load WorkSpacesMementoTest.md
20231118 14:28:18 load WorkSpacesMementoTest2.md
20231118 14:28:18 insert # new header
20231118 14:28:18 append-tail ## last line
session start at 20231118 14:28:53
20231118 14:28:53 load WorkSpacesMementoTest.md
20231118 14:28:53 load WorkSpacesMementoTest2.md
20231118 14:28:53 insert # new header
20231118 14:28:53 append-tail ## last line
session start at 20231118 14:29:32
20231118 14:29:32 load WorkSpacesMementoTest.md
20231118 14:29:32 load WorkSpacesMementoTest2.md
20231118 14:29:32 insert # new header
20231118 14:29:32 append-tail ## last line
session start at 20231118 14:30:33
20231118 14:30:37 list-workspace
20231118 14:30:40 close
20231118 14:30:44 list-workspace
20231118 14:30:51 open test2
20231118 14:30:55 list-workspace
20231118 14:30:58 close
20231118 14:31:00 exit
session start at 20231118 14:31:03
20231118 14:31:35 list-workspace
20231118 14:31:38 load test2.md
20231118 14:31:41 load mytest.md
20231118 14:31:44 insert # hi
20231118 14:31:45 list
20231118 14:31:58 list-workspace
20231118 14:32:04 exit
session start at 20231118 14:32:08
20231118 14:32:13 list-workspace
20231118 14:32:20 list
session start at 20231118 14:46:36
20231118 14:46:43 list-workspace
20231118 14:46:48 exit
session start at 20231118 14:47:34
20231118 14:47:38 list-workspace
20231118 14:47:42 open mytest
20231118 14:47:49 insert # success
20231118 14:47:51 list
20231118 14:47:56 exit
session start at 20231118 14:47:59
20231118 14:48:02 list-workspace
session start at 20231118 14:48:55
20231118 14:49:00 list-workspace
session start at 20231118 14:50:22
session start at 20231118 14:55:40
20231118 14:55:42 undo
20231118 14:55:44 list
20231118 14:55:47 redo
20231118 14:55:48 list
20231118 14:56:16 list-workspace
20231118 14:56:19 list
20231118 14:56:21 undo
20231118 14:56:23 list
session start at 20231118 14:57:56
20231118 14:58:02 list-workspace
20231118 14:58:08 load mytest.md
20231118 14:58:25 delete success
20231118 14:58:26 list
20231118 14:58:34 exit
session start at 20231118 14:58:41
20231118 14:58:46 list-workspace
20231118 14:58:50 undo
20231118 14:58:52 list
session start at 20231118 14:59:41
20231118 14:59:43 undo
session start at 20231118 15:00:11
20231118 15:00:13 undo
session start at 20231118 15:01:58
20231118 15:01:59 undo
session start at 20231118 15:03:14
20231118 15:03:16 undo
20231118 15:03:22 list
session start at 20231118 15:37:58
session start at 20231118 15:38:59
20231118 15:39:06 load mytest.md
20231118 15:39:08 exit
session start at 20231118 15:39:11
20231118 15:39:15 list-workspace
20231118 15:39:18 list
20231118 15:39:22 delete 1
20231118 15:39:24 list
20231118 15:39:31 exit
session start at 20231118 15:39:33
20231118 15:39:36 list-workspace
20231118 15:39:38 undo
20231118 15:39:40 list
20231118 15:39:42 redo
20231118 15:39:43 list
20231118 15:39:47 save
20231118 15:39:48 list
20231118 15:39:52 list-workspace
20231118 15:39:55 close
20231118 15:39:56 exit
session start at 20231118 15:40:08
20231118 15:40:15 list-workspace
20231118 15:40:19 exit
session start at 20231118 15:40:45
20231118 15:40:53 load lab2test1.md
20231118 15:41:17 append-head # 新的标题1
20231118 15:41:18 save
20231118 15:41:27 load lab2test2.md
20231118 15:41:37 append-head # 新的标题2
20231118 15:41:40 list-workspace
20231118 15:45:25 open lab2test1
20231118 15:45:28 list-workspace
20231118 15:47:01 list-workspace
20231118 15:48:48 close
20231118 15:48:51 list-workspace
session start at 20231118 15:50:44
20231118 15:50:58 load lab2test1.md
20231118 15:51:02 load lab2test2.md
session start at 20231118 15:51:24
20231118 15:51:30 load lab2test1.md
20231118 15:51:51 append-head # 新的标题1
20231118 15:51:56 save
20231118 15:52:03 load lab2test2.md
20231118 15:52:08 append-head # 新的标题2
20231118 15:52:18 open lab2test1
20231118 15:52:22 close
20231118 15:52:26 list-workspace
20231118 15:53:27 close
20231118 15:54:29 open lab2test2
20231118 15:54:38 close
20231118 15:54:44 list-workspace
20231118 15:55:50 load lab2test1.md
20231118 15:56:08 append-head # 新的标题1
20231118 15:56:08 save
20231118 15:56:14 load test2.md
session start at 20231118 15:56:22
20231118 15:56:39 load lab2test1.md
session start at 20231118 15:56:51
20231118 15:56:55 load lab2test1.md
20231118 15:57:02 append-head # 新的标题1
20231118 15:57:03 save
20231118 15:57:11 load lab2test2.md
20231118 15:57:15 append-head # 新的标题2
20231118 15:57:26 exit
session start at 20231118 15:59:08
20231118 16:02:20 list-workspace
20231118 16:02:24 close
20231118 16:02:30 open lab2test1
20231118 16:02:31 close
20231118 16:02:35 list-workspace
20231118 16:02:40 load lab2test1.md
20231118 16:02:45 load lab2test2.md
20231118 16:02:47 list
20231118 16:03:07 insert ## 新的标题4
20231118 16:03:14 exit
session start at 20231118 16:04:29
20231118 16:04:36 close
20231118 16:04:47 load lab2test1.md
20231118 16:04:51 load lab2test2.md
20231118 16:05:48 insert ### 新的标题
20231118 16:05:49 list
20231118 16:05:58 list-workspace
20231118 16:06:02 exit
session start at 20231118 16:07:04
20231118 16:07:07 list-workspace
20231118 16:08:30 undo
20231118 16:08:31 list
20231118 16:08:37 redo
20231118 16:08:38 list
session start at 20231118 16:16:50
20231118 16:16:50 load test.md
20231118 16:16:50 load test2.md
20231118 16:16:50 close
20231118 16:16:50 list-workspace
20231118 16:16:50 open test
20231118 16:16:50 append-head # test
20231118 16:16:50 close
session start at 20231118 16:18:22
20231118 16:18:22 load test1.md
20231118 16:18:22 insert ## 程序设计
20231118 16:18:22 append-head # 我的资源
20231118 16:18:22 append-tail ### 软件设计
20231118 16:18:22 append-tail #### 设计模式
20231118 16:18:22 append-tail 1. 观察者模式
20231118 16:18:22 append-tail 3. 单例模式
20231118 16:18:22 insert 6 2. 策略模式
20231118 16:18:22 delete 单例模式
20231118 16:18:22 append-tail 3. 组合模式
20231118 16:18:22 list-tree
20231118 16:18:22 append-tail ## ⼯具箱
20231118 16:18:22 append-tail ### Adobe
20231118 16:18:22 list-tree
20231118 16:18:22 save
20231118 16:18:22 load test2.md
20231118 16:18:22 append-head # 旅⾏清单
20231118 16:18:22 append-tail ## 亚洲
20231118 16:18:22 append-tail 1. 中国
20231118 16:18:22 append-tail 2. ⽇本
20231118 16:18:22 delete 亚洲
20231118 16:18:22 undo
20231118 16:18:22 redo
20231118 16:18:22 list-tree
20231118 16:18:22 save
20231118 16:18:22 load test3.md
20231118 16:18:22 append-head # 书籍推荐
20231118 16:18:22 append-tail * 《深入理解计算机系统》
20231118 16:18:22 undo
20231118 16:18:22 append-tail ## 编程
20231118 16:18:22 append-tail * 《设计模式的艺术》
20231118 16:18:22 list-tree
20231118 16:18:22 append-tail * 《云原⽣：运⽤容器、函数计算和数据构建下⼀代应⽤》
20231118 16:18:22 append-tail * 《深入理解Java虚拟机》
20231118 16:18:22 undo
20231118 16:18:22 redo
20231118 16:18:22 list-tree
20231118 16:18:22 save
20231118 16:18:22 load test4.md
20231118 16:18:22 append-head # 旅⾏清单
20231118 16:18:22 append-tail ## 欧洲
20231118 16:18:22 insert 2 ## 亚洲
20231118 16:18:22 insert 3 1. 中国
20231118 16:18:22 insert 4 2. ⽇本
20231118 16:18:22 save
20231118 16:18:22 list-tree
20231118 16:18:22 delete 亚洲
20231118 16:18:22 list-tree
20231118 16:18:22 undo
20231118 16:18:22 list-tree
20231118 16:18:22 redo
20231118 16:18:22 list-tree
20231118 16:18:22 list-tree
20231118 16:18:22 save
session start at 20231118 16:19:39
20231118 16:19:39 load test1.md
20231118 16:19:39 insert ## 程序设计
20231118 16:19:39 append-head # 我的资源
20231118 16:19:39 append-tail ### 软件设计
20231118 16:19:39 append-tail #### 设计模式
20231118 16:19:39 append-tail 1. 观察者模式
20231118 16:19:39 append-tail 3. 单例模式
20231118 16:19:39 insert 6 2. 策略模式
20231118 16:19:39 delete 单例模式
20231118 16:19:39 append-tail 3. 组合模式
20231118 16:19:39 list-tree
20231118 16:19:39 append-tail ## ⼯具箱
20231118 16:19:39 append-tail ### Adobe
20231118 16:19:39 list-tree
20231118 16:19:39 save
20231118 16:19:39 load test2.md
20231118 16:19:39 append-head # 旅⾏清单
20231118 16:19:39 append-tail ## 亚洲
20231118 16:19:39 append-tail 1. 中国
20231118 16:19:39 append-tail 2. ⽇本
20231118 16:19:39 delete 亚洲
20231118 16:19:39 undo
20231118 16:19:39 redo
20231118 16:19:39 list-tree
20231118 16:19:39 save
20231118 16:19:39 load test3.md
20231118 16:19:39 append-head # 书籍推荐
20231118 16:19:39 append-tail * 《深入理解计算机系统》
20231118 16:19:39 undo
20231118 16:19:39 append-tail ## 编程
20231118 16:19:39 append-tail * 《设计模式的艺术》
20231118 16:19:39 list-tree
20231118 16:19:39 append-tail * 《云原⽣：运⽤容器、函数计算和数据构建下⼀代应⽤》
20231118 16:19:39 append-tail * 《深入理解Java虚拟机》
20231118 16:19:39 undo
20231118 16:19:39 redo
20231118 16:19:39 list-tree
20231118 16:19:39 save
20231118 16:19:39 load test4.md
20231118 16:19:39 append-head # 旅⾏清单
20231118 16:19:39 append-tail ## 欧洲
20231118 16:19:39 insert 2 ## 亚洲
20231118 16:19:39 insert 3 1. 中国
20231118 16:19:39 insert 4 2. ⽇本
20231118 16:19:39 save
20231118 16:19:39 list-tree
20231118 16:19:39 delete 亚洲
20231118 16:19:39 list-tree
20231118 16:19:39 undo
20231118 16:19:39 list-tree
20231118 16:19:39 redo
20231118 16:19:39 list-tree
20231118 16:19:39 list-tree
20231118 16:19:39 save
session start at 20231118 16:22:57
session start at 20231118 16:33:20
20231118 16:33:20 load test1.md
20231118 16:33:20 append-head # 新的标题1
20231118 16:33:20 save
20231118 16:33:20 load test2.md
20231118 16:33:20 append-head # 新的标题2
20231118 16:33:20 list-workspace
session start at 20231118 16:34:31
20231118 16:34:32 load lab2test1.md
20231118 16:34:32 append-head # 新的标题1
20231118 16:34:32 save
20231118 16:34:32 load lab2test2.md
20231118 16:34:32 append-head # 新的标题2
20231118 16:34:32 list-workspace
session start at 20231118 16:35:12
20231118 16:35:12 load lab2test1.md
20231118 16:35:12 append-head # 新的标题1
20231118 16:35:12 save
20231118 16:35:12 load lab2test2.md
20231118 16:35:12 append-head # 新的标题2
20231118 16:35:12 list-workspace
session start at 20231118 16:35:53
20231118 16:35:53 load lab2test1.md
20231118 16:35:53 append-head # 新的标题1
20231118 16:35:53 save
20231118 16:35:53 load lab2test2.md
20231118 16:35:53 append-head # 新的标题2
20231118 16:35:53 list-workspace
session start at 20231118 16:36:04
20231118 16:36:04 load lab2test1.md
20231118 16:36:04 append-head # 新的标题1
20231118 16:36:04 save
20231118 16:36:04 load lab2test2.md
20231118 16:36:04 append-head # 新的标题2
20231118 16:36:04 list-workspace
session start at 20231118 16:37:51
20231118 16:37:51 load lab2test1.md
20231118 16:37:51 append-head # 新的标题1
20231118 16:37:51 save
20231118 16:37:51 load lab2test2.md
20231118 16:37:51 append-head # 新的标题2
20231118 16:37:51 list-workspace
20231118 16:37:51 list-workspace
session start at 20231118 16:38:11
20231118 16:38:11 load lab2test1.md
20231118 16:38:11 append-head # 新的标题1
20231118 16:38:11 save
20231118 16:38:11 load lab2test2.md
20231118 16:38:11 append-head # 新的标题2
20231118 16:38:11 list-workspace
20231118 16:38:11 open lab2test1
20231118 16:38:11 list-workspace
session start at 20231118 16:39:08
20231118 16:39:08 load lab2test1.md
20231118 16:39:08 append-head # 新的标题1
20231118 16:39:08 save
20231118 16:39:08 load lab2test2.md
20231118 16:39:08 append-head # 新的标题2
20231118 16:39:08 list-workspace
20231118 16:39:08 open lab2test1
20231118 16:39:08 list-workspace
20231118 16:39:08 close
20231118 16:39:08 list-workspace
session start at 20231118 16:39:11
20231118 16:39:11 load lab2test1.md
20231118 16:39:11 append-head # 新的标题1
20231118 16:39:11 save
20231118 16:39:11 load lab2test2.md
20231118 16:39:11 append-head # 新的标题2
20231118 16:39:11 list-workspace
20231118 16:39:11 open lab2test1
20231118 16:39:11 list-workspace
20231118 16:39:11 close
20231118 16:39:11 list-workspace
session start at 20231128 09:40:25
20231128 09:40:25 load lab2test1.md
20231128 09:40:25 append-head # 新的标题1
20231128 09:40:25 save
20231128 09:40:25 load lab2test2.md
20231128 09:40:25 append-head # 新的标题2
20231128 09:40:25 list-workspace
20231128 09:40:25 open lab2test1
20231128 09:40:25 list-workspace
20231128 09:40:25 close
20231128 09:40:25 list-workspace
session start at 20231128 09:40:43
20231128 09:40:46 load test5.md
20231128 09:41:00 append-head # 旅行清单
20231128 09:41:06 append-tail ## 亚洲
session start at 20231128 09:42:18
20231128 09:42:18 load lab2test1.md
20231128 09:42:18 append-head # 新的标题1
20231128 09:42:18 save
20231128 09:42:18 load lab2test2.md
20231128 09:42:18 append-head # 新的标题2
20231128 09:42:18 list-workspace
20231128 09:42:18 open lab2test1
20231128 09:42:18 list-workspace
20231128 09:42:18 close
20231128 09:42:18 list-workspace
session start at 20231128 09:45:52
20231128 09:45:52 load test1.md
20231128 09:45:52 append-head # 旅行清单
20231128 09:45:52 append-tail ## 亚洲
20231128 09:45:52 append-tail 1. 中国
20231128 09:45:52 append-tail 2. 日本
20231128 09:45:52 load test2.md
20231128 09:45:52 append-head # 书籍推荐
20231128 09:45:52 append-tail ## 编程
20231128 09:45:52 append-tail * 《设计模式的艺术》
20231128 09:45:52 append-tail * 《云原生：运用容器、函数计算和数据构建下一代应用》
20231128 09:45:52 append-tail * 《深入理解Java虚拟机》
20231128 09:45:52 list-tree
session start at 20231128 09:49:14
20231128 09:49:14 load test1.md
20231128 09:49:14 append-head # 旅行清单
20231128 09:49:14 append-tail ## 亚洲
20231128 09:49:14 append-tail 1. 中国
20231128 09:49:14 append-tail 2. 日本
20231128 09:49:14 load test2.md
20231128 09:49:14 append-head # 书籍推荐
20231128 09:49:14 append-tail ## 编程
20231128 09:49:14 append-tail * 《设计模式的艺术》
20231128 09:49:14 append-tail * 《云原生：运用容器、函数计算和数据构建下一代应用》
20231128 09:49:14 append-tail * 《深入理解Java虚拟机》
20231128 09:49:14 list-tree
session start at 20231128 09:50:09
20231128 09:50:09 load test1.md
20231128 09:50:09 append-head # 旅行清单
20231128 09:50:09 append-tail ## 亚洲
20231128 09:50:09 append-tail 1. 中国
20231128 09:50:09 append-tail 2. 日本
20231128 09:50:09 load test2.md
20231128 09:50:09 append-head # 书籍推荐
20231128 09:50:09 append-tail ## 编程
20231128 09:50:09 append-tail * 《设计模式的艺术》
20231128 09:50:09 append-tail * 《云原生：运用容器、函数计算和数据构建下一代应用》
20231128 09:50:09 append-tail * 《深入理解Java虚拟机》
20231128 09:50:09 list-tree
session start at 20231128 09:51:35
20231128 09:51:35 load test1.md
20231128 09:51:35 append-head # 旅行清单
20231128 09:51:35 append-tail ## 亚洲
20231128 09:51:35 append-tail 1. 中国
20231128 09:51:35 append-tail 2. 日本
20231128 09:51:35 load test2.md
20231128 09:51:35 append-head # 书籍推荐
20231128 09:51:35 append-tail ## 编程
20231128 09:51:35 append-tail * 《设计模式的艺术》
20231128 09:51:35 append-tail * 《云原生：运用容器、函数计算和数据构建下一代应用》
20231128 09:51:35 append-tail * 《深入理解Java虚拟机》
20231128 09:51:35 list-tree
session start at 20231128 09:52:40
20231128 09:52:40 load test1.md
20231128 09:52:40 append-head # 旅行清单
20231128 09:52:40 append-tail ## 亚洲
20231128 09:52:40 append-tail 1. 中国
20231128 09:52:40 append-tail 2. 日本
20231128 09:52:40 load test2.md
20231128 09:52:40 append-head # 书籍推荐
20231128 09:52:40 append-tail ## 编程
20231128 09:52:40 append-tail * 《设计模式的艺术》
20231128 09:52:40 append-tail * 《云原生：运用容器、函数计算和数据构建下一代应用》
20231128 09:52:40 append-tail * 《深入理解Java虚拟机》
20231128 09:52:40 list-tree
session start at 20231128 09:53:27
20231128 09:53:27 load test1.md
20231128 09:53:27 append-head # 旅行清单
20231128 09:53:27 append-tail ## 亚洲
20231128 09:53:27 append-tail 1. 中国
20231128 09:53:27 append-tail 2. 日本
20231128 09:53:27 load test2.md
20231128 09:53:27 append-head # 书籍推荐
20231128 09:53:27 append-tail ## 编程
20231128 09:53:27 append-tail * 《设计模式的艺术》
20231128 09:53:27 append-tail * 《云原生：运用容器、函数计算和数据构建下一代应用》
20231128 09:53:27 append-tail * 《深入理解Java虚拟机》
20231128 09:53:27 list-tree
20231128 09:53:27 list-workspace
session start at 20231128 09:53:49
20231128 09:53:49 load test1.md
20231128 09:53:49 append-head # 旅行清单
20231128 09:53:49 append-tail ## 亚洲
20231128 09:53:49 append-tail 1. 中国
20231128 09:53:49 append-tail 2. 日本
20231128 09:53:49 load test2.md
20231128 09:53:49 append-head # 书籍推荐
20231128 09:53:49 append-tail ## 编程
20231128 09:53:49 append-tail * 《设计模式的艺术》
20231128 09:53:49 append-tail * 《云原生：运用容器、函数计算和数据构建下一代应用》
20231128 09:53:49 append-tail * 《深入理解Java虚拟机》
20231128 09:53:49 list-tree
20231128 09:53:49 list-workspace
session start at 20231128 09:54:21
20231128 09:54:21 load test1.md
20231128 09:54:21 append-head # 旅行清单
20231128 09:54:21 append-tail ## 亚洲
20231128 09:54:21 append-tail 1. 中国
20231128 09:54:21 append-tail 2. 日本
20231128 09:54:21 load test2.md
20231128 09:54:21 append-head # 书籍推荐
20231128 09:54:21 append-tail ## 编程
20231128 09:54:21 append-tail * 《设计模式的艺术》
20231128 09:54:21 append-tail * 《云原生：运用容器、函数计算和数据构建下一代应用》
20231128 09:54:21 append-tail * 《深入理解Java虚拟机》
20231128 09:54:21 list-tree
20231128 09:54:21 list-workspace
session start at 20231128 09:54:36
20231128 09:54:36 load test1.md
20231128 09:54:36 append-head # 旅行清单
20231128 09:54:36 append-tail ## 亚洲
20231128 09:54:36 append-tail 1. 中国
20231128 09:54:36 append-tail 2. 日本
20231128 09:54:36 load test2.md
20231128 09:54:36 append-head # 书籍推荐
20231128 09:54:36 append-tail ## 编程
20231128 09:54:36 append-tail * 《设计模式的艺术》
20231128 09:54:36 append-tail * 《云原生：运用容器、函数计算和数据构建下一代应用》
20231128 09:54:36 append-tail * 《深入理解Java虚拟机》
20231128 09:54:36 list-tree
20231128 09:54:36 list-workspace
session start at 20231128 09:54:49
20231128 09:54:49 load test1.md
20231128 09:54:49 append-head # 旅行清单
20231128 09:54:49 append-tail ## 亚洲
20231128 09:54:49 append-tail 1. 中国
20231128 09:54:49 append-tail 2. 日本
20231128 09:54:49 load test2.md
20231128 09:54:49 append-head # 书籍推荐
20231128 09:54:49 append-tail ## 编程
20231128 09:54:49 append-tail * 《设计模式的艺术》
20231128 09:54:49 append-tail * 《云原生：运用容器、函数计算和数据构建下一代应用》
20231128 09:54:49 append-tail * 《深入理解Java虚拟机》
20231128 09:54:49 list-tree
20231128 09:54:49 list-workspace
session start at 20231128 09:55:37
20231128 09:55:37 load test1.md
20231128 09:55:37 append-head # 旅行清单
20231128 09:55:37 append-tail ## 亚洲
20231128 09:55:37 append-tail 1. 中国
20231128 09:55:37 append-tail 2. 日本
20231128 09:55:37 load test2.md
20231128 09:55:37 append-head # 书籍推荐
20231128 09:55:37 append-tail ## 编程
20231128 09:55:37 append-tail * 《设计模式的艺术》
20231128 09:55:37 append-tail * 《云原生：运用容器、函数计算和数据构建下一代应用》
20231128 09:55:37 append-tail * 《深入理解Java虚拟机》
20231128 09:55:37 list-tree
20231128 09:55:37 list-workspace
20231128 09:55:37 save
20231128 09:55:37 list-workspace
session start at 20231128 09:55:41
20231128 09:55:41 load test1.md
20231128 09:55:41 append-head # 旅行清单
20231128 09:55:41 append-tail ## 亚洲
20231128 09:55:41 append-tail 1. 中国
20231128 09:55:41 append-tail 2. 日本
20231128 09:55:41 load test2.md
20231128 09:55:41 append-head # 书籍推荐
20231128 09:55:41 append-tail ## 编程
20231128 09:55:41 append-tail * 《设计模式的艺术》
20231128 09:55:41 append-tail * 《云原生：运用容器、函数计算和数据构建下一代应用》
20231128 09:55:41 append-tail * 《深入理解Java虚拟机》
20231128 09:55:41 list-tree
20231128 09:55:41 list-workspace
20231128 09:55:41 save
20231128 09:55:41 list-workspace
session start at 20231128 09:56:28
20231128 09:56:28 load test1.md
20231128 09:56:28 append-head # 旅行清单
20231128 09:56:28 append-tail ## 亚洲
20231128 09:56:28 append-tail 1. 中国
20231128 09:56:28 append-tail 2. 日本
20231128 09:56:28 load test2.md
20231128 09:56:28 append-head # 书籍推荐
20231128 09:56:28 append-tail ## 编程
20231128 09:56:28 append-tail * 《设计模式的艺术》
20231128 09:56:28 append-tail * 《云原生：运用容器、函数计算和数据构建下一代应用》
20231128 09:56:28 append-tail * 《深入理解Java虚拟机》
20231128 09:56:28 list-tree
20231128 09:56:28 list-workspace
20231128 09:56:28 save
20231128 09:56:28 list-workspace
20231128 09:56:28 open test1
20231128 09:56:28 list-workspace
session start at 20231128 10:00:38
20231128 10:00:48 load test1.md
20231128 10:00:48 append-head # 旅行清单
20231128 10:00:48 append-tail ## 亚洲
20231128 10:00:48 append-tail 1. 中国
20231128 10:00:48 append-tail 2. 日本
20231128 10:00:48 load test2.md
20231128 10:00:48 append-head # 书籍推荐
20231128 10:00:48 append-tail ## 编程
20231128 10:00:48 append-tail * 《设计模式的艺术》
20231128 10:00:48 append-tail * 《云原生：运用容器、函数计算和数据构建下一代应用》
20231128 10:00:48 append-tail * 《深入理解Java虚拟机》
20231128 10:00:48 list-tree
20231128 10:00:48 list-workspace
20231128 10:00:48 save
20231128 10:00:48 list-workspace
20231128 10:00:48 open test1
20231128 10:01:17 exit
session start at 20231128 10:01:23
20231128 10:01:31 list-workspace
20231128 10:01:35 close
20231128 10:01:41 list-workspace
20231128 10:01:45 open lab2test1
20231128 10:01:46 close
20231128 10:01:50 open test2
20231128 10:01:51 close
20231128 10:01:55 open lab2test2
20231128 10:01:57 close
20231128 10:02:03 list-workspace
20231128 10:02:10 load test1.md
20231128 10:02:17 append-head # 旅行清单
20231128 10:02:22 append-tail ## 亚洲
20231128 10:02:26 append-tail 1. 中国
20231128 10:02:30 append-tail 2. 日本
20231128 10:02:36 load test2.md
20231128 10:02:41 append-head # 书籍推荐
20231128 10:02:55 append-tail ## 编程
20231128 10:02:59 append-tail * 《设计模式的艺术》
20231128 10:03:04 append-tail * 《云原生：运用容器、函数计算和数据构建下一代应用》
20231128 10:03:09 append-tail * 《深入理解Java虚拟机》
20231128 10:03:13 list-tree
session start at 20231128 10:04:18
20231128 10:04:26 list-workspace
session start at 20231128 10:05:39
20231128 10:05:41 close
20231128 10:05:45 list-workspace
20231128 10:05:51 open lab2test1
20231128 10:05:53 close
20231128 10:05:55 open test2
20231128 10:05:56 close
20231128 10:06:06 open lab2test2
20231128 10:06:09 close
20231128 10:06:11 exit
session start at 20231128 10:06:14
20231128 10:06:18 list-workspace
20231128 10:06:25 load test1.md
20231128 10:06:29 append-head # 旅行清单
20231128 10:06:29 append-tail ## 亚洲
20231128 10:06:29 append-tail 1. 中国
session start at 20231128 10:06:41
20231128 10:06:45 list-workspace
20231128 10:06:50 load test1.md
20231128 10:07:12 append-head # 旅行清单
20231128 10:07:16 append-tail ## 亚洲
20231128 10:07:22 append-tail 1. 中国
20231128 10:07:26 append-tail 2. 日本
20231128 10:07:29 load test2.md
20231128 10:07:34 append-head # 书籍推荐
20231128 10:07:42 append-tail ## 编程
20231128 10:07:46 append-tail * 《设计模式的艺术》
20231128 10:07:52 append-tail * 《云原生：运用容器、函数计算和数据构建下一代应用》
20231128 10:07:58 append-tail * 《深入理解Java虚拟机》
20231128 10:08:00 list-tree
20231128 10:08:04 list-workspace
20231128 10:08:05 save
20231128 10:08:10 list-workspace
20231128 10:08:12 open test1
20231128 10:08:16 list-workspace
20231128 10:09:33 save
20231128 10:09:35 close
20231128 10:09:38 open test2
20231128 10:09:40 close
20231128 10:09:42 list-workspace
20231128 10:09:56 load test3.md
20231128 10:11:01 insert ## 程序设计
20231128 10:11:05 append-head # 我的资源
20231128 10:11:09 append-tail ### 软件设计
20231128 10:11:12 load test4.md
20231128 10:11:17 append-head # 大学合集
20231128 10:11:20 append-tail 1. 复旦大学
20231128 10:11:26 append-tail 2. 上海交通大学
20231128 10:11:34 close
20231128 10:11:40 open test3
20231128 10:11:47 list-workspace
20231128 10:11:55 exit
session start at 20231128 10:13:54
20231128 10:13:59 list-workspace
20231128 10:14:01 save
20231128 10:14:05 close
20231128 10:14:10 load test5.md
20231128 10:14:17 append-head # 书籍推荐
20231128 10:14:24 append-tail * 《深入理解计算机系统》
20231128 10:15:40 list-workspace
20231128 10:15:52 save
20231128 10:15:53 close
20231128 10:15:56 load test6.md
20231128 10:16:01 insert ## 程序设计
20231128 10:16:05 append-head # 我的资源
20231128 10:16:10 append-tail ### 软件设计
20231128 10:16:11 save
20231128 10:16:19 load test7.md
20231128 10:16:23 append-head # 大学合集
20231128 10:16:30 append-tail 1. 复旦大学
20231128 10:16:34 append-tail 2. 上海交通大学
20231128 10:16:38 undo
20231128 10:16:43 list-tree
20231128 10:16:48 save
20231128 10:16:50 exit
session start at 20231128 10:17:17
20231128 10:17:24 list-workspace
20231128 10:17:34 list-tree
session start at 20231128 10:29:36
session start at 20231128 10:30:55
20231128 10:31:17 load test6.md
session start at 20231128 10:31:36
20231128 10:31:40 list-workspace
20231128 10:31:44 load test6.md
20231128 10:31:49 insert ## 程序设计
20231128 10:31:53 append-head # 我的资源
20231128 10:32:01 append-tail ### 软件设计
20231128 10:32:03 save
20231128 10:32:06 load test7.md
session start at 20231128 10:32:44
20231128 10:32:52 list-workspace
20231128 10:32:55 load test6.md
20231128 10:33:00 insert ## 程序设计
20231128 10:33:04 append-head # 我的资源
20231128 10:33:08 append-tail ### 软件设计
20231128 10:33:09 save
20231128 10:33:12 load test7.md
20231128 10:33:16 append-head # 大学合集
20231128 10:33:21 append-tail 1. 复旦大学
20231128 10:33:26 append-tail 2. 上海交通大学
20231128 10:33:27 undo
20231128 10:33:30 list-tree
20231128 10:33:34 save
20231128 10:33:35 exit
session start at 20231128 10:33:41
20231128 10:33:50 list-tree
20231128 10:34:04 redo
20231128 10:34:06 list-tree
session start at 20231128 10:41:24
