session start at 20231115 21:01:39
session start at 20231115 21:05:59
session start at 20231115 21:05:59
session start at 20231115 21:06:25
session start at 20231115 21:06:25
session start at 20231115 21:08:34
session start at 20231115 21:15:26
session start at 20231115 21:15:30
session start at 20231115 21:15:35
session start at 20231115 21:18:54
session start at 20231115 21:18:54
session start at 20231115 21:19:02
session start at 20231115 21:19:02
session start at 20231115 21:19:02
session start at 20231115 21:19:42
session start at 20231115 21:19:42
session start at 20231115 21:19:42
session start at 20231115 21:19:54
session start at 20231115 21:19:54
session start at 20231115 21:19:54
session start at 20231115 21:23:42
session start at 20231115 21:24:25
session start at 20231115 21:24:25
session start at 20231115 21:24:25
session start at 20231115 21:24:34
session start at 20231115 21:24:34
session start at 20231115 21:24:34
session start at 20231115 21:26:07
session start at 20231115 21:26:07
session start at 20231115 21:26:07
session start at 20231115 21:26:21
session start at 20231115 21:26:21
session start at 20231115 21:26:21
session start at 20231115 21:27:46
session start at 20231115 21:27:47
session start at 20231115 21:27:47
session start at 20231115 21:28:06
session start at 20231115 21:28:06
session start at 20231115 21:28:06
session start at 20231115 21:28:06
session start at 20231115 21:28:06
session start at 20231115 21:28:06
session start at 20231115 21:28:23
session start at 20231115 21:28:33
session start at 20231115 21:28:53
session start at 20231115 21:35:29
session start at 20231115 21:35:29
session start at 20231115 21:35:52
session start at 20231115 21:35:53
session start at 20231115 21:35:53
session start at 20231115 21:37:07
session start at 20231115 21:37:07
session start at 20231115 21:37:07
session start at 20231115 21:37:54
session start at 20231115 21:37:54
session start at 20231115 21:37:54
session start at 20231115 21:38:18
session start at 20231115 21:38:28
session start at 20231115 21:38:31
session start at 20231115 21:46:47
session start at 20231115 21:48:48
session start at 20231115 21:48:52
session start at 20231115 21:48:52
session start at 20231115 21:48:52
session start at 20231115 21:49:00
session start at 20231115 21:49:00
session start at 20231115 21:49:00
session start at 20231115 21:50:05
session start at 20231115 21:50:05
session start at 20231115 21:50:05
./test2.md  0 分钟 
session start at 20231115 21:51:25
session start at 20231115 21:51:25
session start at 20231115 21:51:25
./test2.md  0 分钟 
session start at 20231115 21:51:41
session start at 20231115 21:51:41
session start at 20231115 21:51:41
./test2.md  0 分钟 
session start at 20231115 21:51:45
session start at 20231115 21:51:45
session start at 20231115 21:51:45
./test2.md  0 分钟 
session start at 20231116 13:13:25
session start at 20231116 13:13:25
session start at 20231116 13:13:25
./test2.md  0 分钟 
session start at 20231116 13:13:28
session start at 20231116 13:13:28
session start at 20231116 13:13:28
./test2.md  0 分钟 
session start at 20231116 13:13:37
session start at 20231116 13:13:37
session start at 20231116 13:13:37
./test2.md  0 分钟 
session start at 20231116 13:14:53
session start at 20231116 13:14:53
session start at 20231116 13:14:53
./test2.md  0 分钟 
./test.md  0 分钟 
session start at 20231116 13:15:19
session start at 20231116 13:15:19
session start at 20231116 13:15:19
./test2.md  0 分钟 
./test.md  0 分钟 
session start at 20231116 13:25:50
session start at 20231116 13:25:54
./test.md  0 分钟 
session start at 20231116 13:26:09
session start at 20231116 13:26:12
./test2.md  0 分钟 
./test.md  0 分钟 
session start at 20231116 20:50:50
session start at 20231116 20:50:57
./data/test.md  0 分钟 
session start at 20231116 20:56:57
session start at 20231116 20:57:00
session start at 20231117 11:01:26
session start at 20231117 11:02:09
session start at 20231117 11:03:20
session start at 20231117 11:09:08
session start at 20231117 11:12:43
session start at 20231117 22:05:09
session start at 20231117 22:05:55
session start at 20231117 22:08:39
session start at 20231117 22:09:32
session start at 20231117 22:10:14
session start at 20231117 22:10:34
session start at 20231117 22:11:15
session start at 20231117 22:11:15
session start at 20231117 22:11:39
session start at 20231117 22:11:39
session start at 20231117 22:12:09
session start at 20231117 22:12:09
session start at 20231117 22:15:02
session start at 20231117 22:15:02
session start at 20231117 22:16:10
session start at 20231117 22:16:10
session start at 20231117 22:16:10
session start at 20231117 22:16:10
session start at 20231117 22:16:10
session start at 20231117 22:16:20
session start at 20231117 22:16:20
session start at 20231117 22:16:20
session start at 20231117 22:16:20
session start at 20231117 22:16:20
session start at 20231117 22:16:32
session start at 20231117 22:16:32
session start at 20231117 22:16:32
session start at 20231117 22:16:32
session start at 20231117 22:16:32
session start at 20231117 22:16:32
session start at 20231117 22:16:32
session start at 20231117 22:16:32
session start at 20231117 22:16:32
session start at 20231117 22:17:03
session start at 20231117 22:17:03
session start at 20231117 22:17:03
session start at 20231117 22:17:03
session start at 20231117 22:17:03
session start at 20231117 22:17:03
session start at 20231117 22:17:03
session start at 20231117 22:17:03
session start at 20231117 22:17:03
session start at 20231117 22:17:03
session start at 20231117 22:17:03
session start at 20231117 22:17:03
session start at 20231117 22:33:16
session start at 20231117 22:33:16
session start at 20231117 22:33:16
session start at 20231117 22:33:16
session start at 20231117 22:33:16
session start at 20231117 22:33:16
session start at 20231117 22:33:16
session start at 20231117 22:33:16
session start at 20231117 22:33:16
session start at 20231117 22:33:16
session start at 20231117 22:33:16
session start at 20231117 22:33:16
session start at 20231117 22:34:50
session start at 20231117 22:34:50
session start at 20231117 22:34:50
session start at 20231117 22:34:50
session start at 20231117 22:34:50
session start at 20231117 22:34:50
session start at 20231117 22:34:50
session start at 20231117 22:34:50
session start at 20231117 22:34:50
session start at 20231117 22:34:50
session start at 20231117 22:34:50
session start at 20231117 22:34:50
session start at 20231117 22:34:58
session start at 20231117 22:34:58
session start at 20231117 22:34:58
session start at 20231117 22:34:58
session start at 20231117 22:34:58
session start at 20231117 22:34:58
session start at 20231117 22:34:58
session start at 20231117 22:34:58
session start at 20231117 22:34:58
./test2.md  0 分钟 
./test.md  0 分钟 
session start at 20231117 22:34:58
session start at 20231117 22:34:58
session start at 20231117 22:34:58
session start at 20231118 11:11:58
session start at 20231118 11:13:27
session start at 20231118 11:14:17
session start at 20231118 11:15:33
session start at 20231118 11:15:44
session start at 20231118 11:15:44
session start at 20231118 11:15:44
session start at 20231118 11:15:44
session start at 20231118 11:15:44
session start at 20231118 11:16:02
session start at 20231118 13:02:15
session start at 20231118 13:05:01
session start at 20231118 13:05:31
session start at 20231118 13:24:44
./mytest.md  0 分钟 
./test2.md  0 分钟 
session start at 20231118 13:26:41
./mytest.md  0 分钟 
./test2.md  0 分钟 
session start at 20231118 13:28:09
session start at 20231118 13:28:14
./mytest.md  0 分钟 
./test2.md  0 分钟 
session start at 20231118 13:31:00
./mytest.md  0 分钟 
session start at 20231118 13:32:10
./mytest.md  0 分钟 
session start at 20231118 13:33:08
./mytest.md  0 分钟 
session start at 20231118 13:33:39
session start at 20231118 13:42:55
session start at 20231118 13:47:32
session start at 20231118 13:49:56
./mytest.md  0 分钟 
./mytest.md  0 分钟 
./test2.md  0 分钟 
session start at 20231118 13:50:41
session start at 20231118 14:11:31
session start at 20231118 14:23:31
session start at 20231118 14:24:58
session start at 20231118 14:25:18
session start at 20231118 14:25:34
session start at 20231118 14:28:18
session start at 20231118 14:28:53
session start at 20231118 14:29:32
session start at 20231118 14:30:33
./mytest.md  0 分钟 
./test2.md  0 分钟 
session start at 20231118 14:31:03
./mytest.md  0 分钟 
./test2.md  0 分钟 
session start at 20231118 14:32:08
session start at 20231118 14:46:36
./mytest.md  0 分钟 
./test2.md  0 分钟 
session start at 20231118 14:47:34
./mytest.md  0 分钟 
./test2.md  0 分钟 
session start at 20231118 14:47:59
session start at 20231118 14:48:55
session start at 20231118 14:50:22
session start at 20231118 14:55:40
session start at 20231118 14:57:56
./mytest.md  0 分钟 
session start at 20231118 14:58:41
session start at 20231118 14:59:41
session start at 20231118 15:00:11
session start at 20231118 15:01:58
session start at 20231118 15:03:14
session start at 20231118 15:37:58
session start at 20231118 15:38:59
./mytest.md  0 分钟 
session start at 20231118 15:39:11
./mytest.md  0 分钟 
session start at 20231118 15:39:33
./mytest.md  0 分钟 
session start at 20231118 15:40:08
session start at 20231118 15:40:45
./lab2test1.md 7 分钟 
session start at 20231118 15:50:44
session start at 20231118 15:51:24
./lab2test1.md  0 分钟 
./lab2test2.md 2 分钟 
session start at 20231118 15:56:22
session start at 20231118 15:56:51
./lab2test1.md  0 分钟 
./lab2test2.md  0 分钟 
session start at 20231118 15:59:08
./lab2test2.md 3 分钟 
./lab2test1.md 3 分钟 
./lab2test1.md  0 分钟 
./lab2test2.md  0 分钟 
session start at 20231118 16:04:29
./lab2test2.md  0 分钟 
./lab2test1.md 1 分钟 
./lab2test2.md 1 分钟 
session start at 20231118 16:07:04
session start at 20231118 16:16:50
./test2.md  0 分钟 
./test.md  0 分钟 
session start at 20231118 16:18:22
session start at 20231118 16:19:39
session start at 20231118 16:22:57
session start at 20231118 16:33:20
session start at 20231118 16:34:31
session start at 20231118 16:35:12
session start at 20231118 16:35:53
session start at 20231118 16:36:04
session start at 20231118 16:37:51
session start at 20231118 16:38:11
session start at 20231118 16:39:08
./lab2test1.md  0 分钟 
session start at 20231118 16:39:11
./lab2test1.md  0 分钟 
session start at 20231128 09:40:25
./lab2test1.md  0 分钟 
session start at 20231128 09:40:43
session start at 20231128 09:42:18
./lab2test1.md  0 分钟 
session start at 20231128 09:45:52
session start at 20231128 09:49:14
session start at 20231128 09:50:09
session start at 20231128 09:51:35
session start at 20231128 09:52:40
session start at 20231128 09:53:27
session start at 20231128 09:53:49
session start at 20231128 09:54:21
session start at 20231128 09:54:36
session start at 20231128 09:54:49
session start at 20231128 09:55:37
session start at 20231128 09:55:41
session start at 20231128 09:56:28
session start at 20231128 10:00:38
./lab2test1.md  0 分钟 
./test2.md  0 分钟 
./lab2test2.md  0 分钟 
./test1.md  0 分钟 
session start at 20231128 10:01:23
./test1.md  0 分钟 
./lab2test1.md  0 分钟 
./test2.md  0 分钟 
./lab2test2.md  0 分钟 
session start at 20231128 10:04:18
session start at 20231128 10:05:39
./test1.md  0 分钟 
./lab2test1.md  0 分钟 
./test2.md  0 分钟 
./lab2test2.md  0 分钟 
session start at 20231128 10:06:14
session start at 20231128 10:06:41
./test1.md 2 分钟 
./test2.md 2 分钟 
./test4.md  0 分钟 
./test3.md 1 分钟 
session start at 20231128 10:13:54
./test3.md  0 分钟 
./test5.md 1 分钟 
./test6.md  0 分钟 
./test7.md  0 分钟 
session start at 20231128 10:17:17
session start at 20231128 10:29:36
session start at 20231128 10:30:55
session start at 20231128 10:31:36
session start at 20231128 10:32:44
./test6.md  0 分钟 
./test7.md  0 分钟 
session start at 20231128 10:33:41
session start at 20231128 10:41:24
